<?xml version="1.0" encoding="UTF-8"?>
<!-- Generated by org.testng.reporters.JUnitReportReporter -->
<testsuite hostname="DESKTOP-HIPUUEK" failures="0" tests="5" name="TestRunner.cucumberTestRunnerTags" time="0.533" errors="0" timestamp="2024-04-03T12:17:43 IST" skipped="0">
  <testcase classname="TestRunner.cucumberTestRunnerTags" name="runScenario" time="0.020"/>
  <testcase classname="TestRunner.cucumberTestRunnerTags" name="runScenario" time="0.024"/>
  <testcase classname="TestRunner.cucumberTestRunnerTags" name="runScenario" time="0.425"/>
  <testcase classname="TestRunner.cucumberTestRunnerTags" name="runScenario" time="0.026"/>
  <testcase classname="TestRunner.cucumberTestRunnerTags" name="runScenario" time="0.038"/>
</testsuite> <!-- TestRunner.cucumberTestRunnerTags -->
