<?xml version="1.0" encoding="UTF-8"?>
<!-- Generated by org.testng.reporters.JUnitReportReporter -->
<testsuite hostname="DESKTOP-HIPUUEK" failures="0" tests="3" name="TestRunner.cucumberTestRunner" time="31.930" errors="0" timestamp="2024-04-03T12:06:49 IST" skipped="0">
  <testcase classname="TestRunner.cucumberTestRunner" name="runScenario" time="14.784"/>
  <testcase classname="TestRunner.cucumberTestRunner" name="runScenario" time="9.612"/>
  <testcase classname="TestRunner.cucumberTestRunner" name="runScenario" time="7.534"/>
</testsuite> <!-- TestRunner.cucumberTestRunner -->
