<?xml version="1.0" encoding="UTF-8"?>
<!-- Generated by org.testng.reporters.JUnitReportReporter -->
<testsuite hostname="DESKTOP-HIPUUEK" failures="0" tests="5" name="TestRunner.cucumberTestRunnerTags" time="0.250" errors="0" timestamp="2024-04-03T17:31:07 IST" skipped="0">
  <testcase classname="TestRunner.cucumberTestRunnerTags" name="runScenario" time="0.016"/>
  <testcase classname="TestRunner.cucumberTestRunnerTags" name="runScenario" time="0.178"/>
  <testcase classname="TestRunner.cucumberTestRunnerTags" name="runScenario" time="0.019"/>
  <testcase classname="TestRunner.cucumberTestRunnerTags" name="runScenario" time="0.019"/>
  <testcase classname="TestRunner.cucumberTestRunnerTags" name="runScenario" time="0.018"/>
</testsuite> <!-- TestRunner.cucumberTestRunnerTags -->
